{"C:\\Projects\\slider-app\\src\\App.tsx": {"path":"C:\\Projects\\slider-app\\src\\App.tsx","all":true,"statementMap":{"0":{"start":{"line":1,"column":0},"end":{"line":1,"column":46}},"1":{"start":{"line":2,"column":0},"end":{"line":2,"column":73}},"2":{"start":{"line":3,"column":0},"end":{"line":3,"column":37}},"4":{"start":{"line":5,"column":0},"end":{"line":5,"column":38}},"6":{"start":{"line":7,"column":0},"end":{"line":7,"column":19}},"7":{"start":{"line":8,"column":0},"end":{"line":8,"column":10}},"8":{"start":{"line":9,"column":0},"end":{"line":9,"column":46}},"9":{"start":{"line":10,"column":0},"end":{"line":10,"column":40}},"10":{"start":{"line":11,"column":0},"end":{"line":11,"column":26}},"12":{"start":{"line":13,"column":0},"end":{"line":13,"column":2}},"14":{"start":{"line":15,"column":0},"end":{"line":15,"column":19}}},"s":{"0":0,"1":0,"2":0,"4":0,"6":0,"7":0,"8":0,"9":0,"10":0,"12":0,"14":0},"branchMap":{"0":{"type":"branch","line":1,"loc":{"start":{"line":1,"column":374},"end":{"line":15,"column":19}},"locations":[{"start":{"line":1,"column":374},"end":{"line":15,"column":19}}]}},"b":{"0":[0]},"fnMap":{"0":{"name":"(empty-report)","decl":{"start":{"line":1,"column":374},"end":{"line":15,"column":19}},"loc":{"start":{"line":1,"column":374},"end":{"line":15,"column":19}},"line":1}},"f":{"0":0}}
,"C:\\Projects\\slider-app\\src\\main.tsx": {"path":"C:\\Projects\\slider-app\\src\\main.tsx","all":true,"statementMap":{"0":{"start":{"line":1,"column":0},"end":{"line":1,"column":34}},"1":{"start":{"line":2,"column":0},"end":{"line":2,"column":45}},"2":{"start":{"line":3,"column":0},"end":{"line":3,"column":27}},"3":{"start":{"line":4,"column":0},"end":{"line":4,"column":47}},"4":{"start":{"line":5,"column":0},"end":{"line":5,"column":46}},"6":{"start":{"line":7,"column":0},"end":{"line":7,"column":52}},"7":{"start":{"line":8,"column":0},"end":{"line":8,"column":14}},"8":{"start":{"line":9,"column":0},"end":{"line":9,"column":22}},"9":{"start":{"line":10,"column":0},"end":{"line":10,"column":11}},"10":{"start":{"line":11,"column":0},"end":{"line":11,"column":16}},"11":{"start":{"line":12,"column":0},"end":{"line":12,"column":1}}},"s":{"0":0,"1":0,"2":0,"3":0,"4":0,"6":0,"7":0,"8":0,"9":0,"10":0,"11":0},"branchMap":{"0":{"type":"branch","line":1,"loc":{"start":{"line":1,"column":277},"end":{"line":12,"column":-217}},"locations":[{"start":{"line":1,"column":277},"end":{"line":12,"column":-217}}]}},"b":{"0":[0]},"fnMap":{"0":{"name":"(empty-report)","decl":{"start":{"line":1,"column":277},"end":{"line":12,"column":-217}},"loc":{"start":{"line":1,"column":277},"end":{"line":12,"column":-217}},"line":1}},"f":{"0":0}}
,"C:\\Projects\\slider-app\\src\\Layout\\MainLayout.tsx": {"path":"C:\\Projects\\slider-app\\src\\Layout\\MainLayout.tsx","all":true,"statementMap":{"0":{"start":{"line":1,"column":0},"end":{"line":1,"column":38}},"2":{"start":{"line":3,"column":0},"end":{"line":3,"column":26}},"3":{"start":{"line":4,"column":0},"end":{"line":4,"column":10}},"4":{"start":{"line":5,"column":0},"end":{"line":5,"column":9}},"5":{"start":{"line":6,"column":0},"end":{"line":6,"column":16}},"6":{"start":{"line":7,"column":0},"end":{"line":7,"column":10}},"8":{"start":{"line":9,"column":0},"end":{"line":9,"column":2}},"10":{"start":{"line":11,"column":0},"end":{"line":11,"column":26}}},"s":{"0":0,"2":0,"3":0,"4":0,"5":0,"6":0,"8":0,"10":0},"branchMap":{"0":{"type":"branch","line":1,"loc":{"start":{"line":1,"column":161},"end":{"line":11,"column":26}},"locations":[{"start":{"line":1,"column":161},"end":{"line":11,"column":26}}]}},"b":{"0":[0]},"fnMap":{"0":{"name":"(empty-report)","decl":{"start":{"line":1,"column":161},"end":{"line":11,"column":26}},"loc":{"start":{"line":1,"column":161},"end":{"line":11,"column":26}},"line":1}},"f":{"0":0}}
,"C:\\Projects\\slider-app\\src\\components\\LoadingOutlet\\index.tsx": {"path":"C:\\Projects\\slider-app\\src\\components\\LoadingOutlet\\index.tsx","all":false,"statementMap":{"0":{"start":{"line":1,"column":0},"end":{"line":1,"column":25}},"1":{"start":{"line":2,"column":0},"end":{"line":2,"column":53}},"8":{"start":{"line":9,"column":0},"end":{"line":9,"column":80}},"9":{"start":{"line":10,"column":0},"end":{"line":10,"column":10}},"10":{"start":{"line":11,"column":0},"end":{"line":11,"column":39}},"11":{"start":{"line":12,"column":0},"end":{"line":12,"column":19}},"12":{"start":{"line":13,"column":0},"end":{"line":13,"column":12}},"13":{"start":{"line":14,"column":0},"end":{"line":14,"column":15}},"14":{"start":{"line":15,"column":0},"end":{"line":15,"column":30}},"15":{"start":{"line":16,"column":0},"end":{"line":16,"column":19}},"16":{"start":{"line":17,"column":0},"end":{"line":17,"column":20}},"17":{"start":{"line":18,"column":0},"end":{"line":18,"column":27}},"18":{"start":{"line":19,"column":0},"end":{"line":19,"column":28}},"19":{"start":{"line":20,"column":0},"end":{"line":20,"column":50}},"20":{"start":{"line":21,"column":0},"end":{"line":21,"column":25}},"21":{"start":{"line":22,"column":0},"end":{"line":22,"column":28}},"22":{"start":{"line":23,"column":0},"end":{"line":23,"column":33}},"23":{"start":{"line":24,"column":0},"end":{"line":24,"column":37}},"24":{"start":{"line":25,"column":0},"end":{"line":25,"column":12}},"26":{"start":{"line":27,"column":0},"end":{"line":27,"column":53}},"27":{"start":{"line":28,"column":0},"end":{"line":28,"column":14}},"29":{"start":{"line":30,"column":0},"end":{"line":30,"column":16}},"30":{"start":{"line":31,"column":0},"end":{"line":31,"column":10}},"32":{"start":{"line":33,"column":0},"end":{"line":33,"column":1}},"34":{"start":{"line":35,"column":0},"end":{"line":35,"column":28}}},"s":{"0":1,"1":1,"8":1,"9":2,"10":2,"11":2,"12":1,"13":1,"14":1,"15":1,"16":1,"17":1,"18":1,"19":1,"20":1,"21":1,"22":1,"23":1,"24":1,"26":1,"27":1,"29":2,"30":2,"32":2,"34":1},"branchMap":{"0":{"type":"branch","line":9,"loc":{"start":{"line":9,"column":52},"end":{"line":33,"column":1}},"locations":[{"start":{"line":9,"column":52},"end":{"line":33,"column":1}}]},"1":{"type":"branch","line":12,"loc":{"start":{"line":12,"column":7},"end":{"line":28,"column":14}},"locations":[{"start":{"line":12,"column":7},"end":{"line":28,"column":14}}]}},"b":{"0":[2],"1":[1]},"fnMap":{"0":{"name":"LoadingOutlet","decl":{"start":{"line":9,"column":52},"end":{"line":33,"column":1}},"loc":{"start":{"line":9,"column":52},"end":{"line":33,"column":1}},"line":9}},"f":{"0":2}}
,"C:\\Projects\\slider-app\\src\\components\\PhotoSlider\\index.tsx": {"path":"C:\\Projects\\slider-app\\src\\components\\PhotoSlider\\index.tsx","all":false,"statementMap":{"0":{"start":{"line":1,"column":0},"end":{"line":1,"column":51}},"1":{"start":{"line":2,"column":0},"end":{"line":2,"column":8}},"10":{"start":{"line":11,"column":0},"end":{"line":11,"column":60}},"11":{"start":{"line":12,"column":0},"end":{"line":12,"column":66}},"13":{"start":{"line":14,"column":0},"end":{"line":14,"column":43}},"15":{"start":{"line":16,"column":0},"end":{"line":16,"column":33}},"20":{"start":{"line":21,"column":0},"end":{"line":21,"column":32}},"25":{"start":{"line":26,"column":0},"end":{"line":26,"column":27}},"26":{"start":{"line":27,"column":0},"end":{"line":27,"column":31}},"32":{"start":{"line":33,"column":0},"end":{"line":33,"column":63}},"33":{"start":{"line":34,"column":0},"end":{"line":34,"column":54}},"34":{"start":{"line":35,"column":0},"end":{"line":35,"column":66}},"35":{"start":{"line":36,"column":0},"end":{"line":36,"column":72}},"36":{"start":{"line":37,"column":0},"end":{"line":37,"column":64}},"38":{"start":{"line":39,"column":0},"end":{"line":39,"column":50}},"39":{"start":{"line":40,"column":0},"end":{"line":40,"column":44}},"41":{"start":{"line":42,"column":0},"end":{"line":42,"column":20}},"42":{"start":{"line":43,"column":0},"end":{"line":43,"column":21}},"43":{"start":{"line":44,"column":0},"end":{"line":44,"column":42}},"44":{"start":{"line":45,"column":0},"end":{"line":45,"column":57}},"46":{"start":{"line":47,"column":0},"end":{"line":47,"column":22}},"47":{"start":{"line":48,"column":0},"end":{"line":48,"column":27}},"49":{"start":{"line":50,"column":0},"end":{"line":50,"column":22}},"50":{"start":{"line":51,"column":0},"end":{"line":51,"column":32}},"51":{"start":{"line":52,"column":0},"end":{"line":52,"column":25}},"52":{"start":{"line":53,"column":0},"end":{"line":53,"column":23}},"53":{"start":{"line":54,"column":0},"end":{"line":54,"column":4}},"55":{"start":{"line":56,"column":0},"end":{"line":56,"column":19}},"56":{"start":{"line":57,"column":0},"end":{"line":57,"column":41}},"58":{"start":{"line":59,"column":0},"end":{"line":59,"column":40}},"59":{"start":{"line":60,"column":0},"end":{"line":60,"column":27}},"60":{"start":{"line":61,"column":0},"end":{"line":61,"column":26}},"62":{"start":{"line":63,"column":0},"end":{"line":63,"column":41}},"63":{"start":{"line":64,"column":0},"end":{"line":64,"column":33}},"65":{"start":{"line":66,"column":0},"end":{"line":66,"column":76}},"66":{"start":{"line":67,"column":0},"end":{"line":67,"column":53}},"67":{"start":{"line":68,"column":0},"end":{"line":68,"column":4}},"69":{"start":{"line":70,"column":0},"end":{"line":70,"column":10}},"70":{"start":{"line":71,"column":0},"end":{"line":71,"column":9}},"71":{"start":{"line":72,"column":0},"end":{"line":72,"column":16}},"72":{"start":{"line":73,"column":0},"end":{"line":73,"column":13}},"73":{"start":{"line":74,"column":0},"end":{"line":74,"column":59}},"74":{"start":{"line":75,"column":0},"end":{"line":75,"column":48}},"75":{"start":{"line":76,"column":0},"end":{"line":76,"column":23}},"76":{"start":{"line":77,"column":0},"end":{"line":77,"column":17}},"77":{"start":{"line":78,"column":0},"end":{"line":78,"column":26}},"78":{"start":{"line":79,"column":0},"end":{"line":79,"column":41}},"79":{"start":{"line":80,"column":0},"end":{"line":80,"column":38}},"80":{"start":{"line":81,"column":0},"end":{"line":81,"column":32}},"82":{"start":{"line":83,"column":0},"end":{"line":83,"column":31}},"83":{"start":{"line":84,"column":0},"end":{"line":84,"column":30}},"84":{"start":{"line":85,"column":0},"end":{"line":85,"column":35}},"85":{"start":{"line":86,"column":0},"end":{"line":86,"column":30}},"86":{"start":{"line":87,"column":0},"end":{"line":87,"column":16}},"87":{"start":{"line":88,"column":0},"end":{"line":88,"column":80}},"88":{"start":{"line":89,"column":0},"end":{"line":89,"column":25}},"89":{"start":{"line":90,"column":0},"end":{"line":90,"column":24}},"90":{"start":{"line":91,"column":0},"end":{"line":91,"column":14}},"91":{"start":{"line":92,"column":0},"end":{"line":92,"column":17}},"92":{"start":{"line":93,"column":0},"end":{"line":93,"column":35}},"93":{"start":{"line":94,"column":0},"end":{"line":94,"column":28}},"94":{"start":{"line":95,"column":0},"end":{"line":95,"column":26}},"95":{"start":{"line":96,"column":0},"end":{"line":96,"column":33}},"96":{"start":{"line":97,"column":0},"end":{"line":97,"column":30}},"97":{"start":{"line":98,"column":0},"end":{"line":98,"column":38}},"98":{"start":{"line":99,"column":0},"end":{"line":99,"column":14}},"100":{"start":{"line":101,"column":0},"end":{"line":101,"column":16}},"101":{"start":{"line":102,"column":0},"end":{"line":102,"column":29}},"102":{"start":{"line":103,"column":0},"end":{"line":103,"column":51}},"103":{"start":{"line":104,"column":0},"end":{"line":104,"column":27}},"104":{"start":{"line":105,"column":0},"end":{"line":105,"column":19}},"105":{"start":{"line":106,"column":0},"end":{"line":106,"column":37}},"106":{"start":{"line":107,"column":0},"end":{"line":107,"column":30}},"107":{"start":{"line":108,"column":0},"end":{"line":108,"column":31}},"108":{"start":{"line":109,"column":0},"end":{"line":109,"column":35}},"109":{"start":{"line":110,"column":0},"end":{"line":110,"column":26}},"110":{"start":{"line":111,"column":0},"end":{"line":111,"column":16}},"111":{"start":{"line":112,"column":0},"end":{"line":112,"column":14}},"113":{"start":{"line":114,"column":0},"end":{"line":114,"column":36}},"114":{"start":{"line":115,"column":0},"end":{"line":115,"column":18}},"115":{"start":{"line":116,"column":0},"end":{"line":116,"column":31}},"116":{"start":{"line":117,"column":0},"end":{"line":117,"column":50}},"117":{"start":{"line":118,"column":0},"end":{"line":118,"column":26}},"118":{"start":{"line":119,"column":0},"end":{"line":119,"column":21}},"119":{"start":{"line":120,"column":0},"end":{"line":120,"column":39}},"120":{"start":{"line":121,"column":0},"end":{"line":121,"column":32}},"121":{"start":{"line":122,"column":0},"end":{"line":122,"column":33}},"122":{"start":{"line":123,"column":0},"end":{"line":123,"column":37}},"123":{"start":{"line":124,"column":0},"end":{"line":124,"column":28}},"124":{"start":{"line":125,"column":0},"end":{"line":125,"column":32}},"125":{"start":{"line":126,"column":0},"end":{"line":126,"column":74}},"126":{"start":{"line":127,"column":0},"end":{"line":127,"column":62}},"127":{"start":{"line":128,"column":0},"end":{"line":128,"column":18}},"128":{"start":{"line":129,"column":0},"end":{"line":129,"column":16}},"131":{"start":{"line":132,"column":0},"end":{"line":132,"column":35}},"132":{"start":{"line":133,"column":0},"end":{"line":133,"column":16}},"133":{"start":{"line":134,"column":0},"end":{"line":134,"column":27}},"134":{"start":{"line":135,"column":0},"end":{"line":135,"column":35}},"135":{"start":{"line":136,"column":0},"end":{"line":136,"column":53}},"136":{"start":{"line":137,"column":0},"end":{"line":137,"column":23}},"137":{"start":{"line":138,"column":0},"end":{"line":138,"column":41}},"138":{"start":{"line":139,"column":0},"end":{"line":139,"column":31}},"139":{"start":{"line":140,"column":0},"end":{"line":140,"column":29}},"140":{"start":{"line":141,"column":0},"end":{"line":141,"column":50}},"141":{"start":{"line":142,"column":0},"end":{"line":142,"column":35}},"142":{"start":{"line":143,"column":0},"end":{"line":143,"column":30}},"143":{"start":{"line":144,"column":0},"end":{"line":144,"column":20}},"145":{"start":{"line":146,"column":0},"end":{"line":146,"column":34}},"146":{"start":{"line":147,"column":0},"end":{"line":147,"column":29}},"147":{"start":{"line":148,"column":0},"end":{"line":148,"column":27}},"148":{"start":{"line":149,"column":0},"end":{"line":149,"column":38}},"149":{"start":{"line":150,"column":0},"end":{"line":150,"column":54}},"150":{"start":{"line":151,"column":0},"end":{"line":151,"column":23}},"151":{"start":{"line":152,"column":0},"end":{"line":152,"column":41}},"152":{"start":{"line":153,"column":0},"end":{"line":153,"column":31}},"153":{"start":{"line":154,"column":0},"end":{"line":154,"column":30}},"154":{"start":{"line":155,"column":0},"end":{"line":155,"column":50}},"155":{"start":{"line":156,"column":0},"end":{"line":156,"column":35}},"156":{"start":{"line":157,"column":0},"end":{"line":157,"column":30}},"157":{"start":{"line":158,"column":0},"end":{"line":158,"column":20}},"159":{"start":{"line":160,"column":0},"end":{"line":160,"column":37}},"160":{"start":{"line":161,"column":0},"end":{"line":161,"column":29}},"161":{"start":{"line":162,"column":0},"end":{"line":162,"column":17}},"163":{"start":{"line":164,"column":0},"end":{"line":164,"column":16}},"164":{"start":{"line":165,"column":0},"end":{"line":165,"column":14}},"166":{"start":{"line":167,"column":0},"end":{"line":167,"column":10}},"168":{"start":{"line":169,"column":0},"end":{"line":169,"column":2}},"170":{"start":{"line":171,"column":0},"end":{"line":171,"column":27}}},"s":{"0":1,"1":1,"10":1,"11":1,"13":1,"15":1,"20":1,"25":1,"26":1,"32":1,"33":13,"34":13,"35":13,"36":13,"38":13,"39":4,"41":4,"42":4,"43":3,"44":1,"46":4,"47":4,"49":4,"50":3,"51":3,"52":4,"53":4,"55":13,"56":9,"58":2,"59":1,"60":2,"62":2,"63":13,"65":13,"66":1,"67":1,"69":13,"70":13,"71":13,"72":13,"73":13,"74":13,"75":13,"76":13,"77":13,"78":13,"79":13,"80":13,"82":13,"83":13,"84":13,"85":13,"86":13,"87":13,"88":13,"89":13,"90":13,"91":13,"92":13,"93":13,"94":13,"95":13,"96":13,"97":13,"98":13,"100":13,"101":13,"102":13,"103":13,"104":13,"105":13,"106":13,"107":13,"108":13,"109":13,"110":13,"111":13,"113":13,"114":4,"115":4,"116":4,"117":4,"118":4,"119":4,"120":4,"121":4,"122":4,"123":4,"124":4,"125":4,"126":4,"127":4,"128":4,"131":13,"132":10,"133":10,"134":10,"135":10,"136":10,"137":10,"138":10,"139":10,"140":10,"141":10,"142":10,"143":10,"145":10,"146":10,"147":10,"148":10,"149":10,"150":10,"151":10,"152":10,"153":10,"154":10,"155":10,"156":10,"157":10,"159":10,"160":10,"161":10,"163":13,"164":13,"166":13,"168":13,"170":1},"branchMap":{"0":{"type":"branch","line":33,"loc":{"start":{"line":33,"column":48},"end":{"line":169,"column":2}},"locations":[{"start":{"line":33,"column":48},"end":{"line":169,"column":2}}]},"1":{"type":"branch","line":114,"loc":{"start":{"line":114,"column":27},"end":{"line":129,"column":16}},"locations":[{"start":{"line":114,"column":27},"end":{"line":129,"column":16}}]},"2":{"type":"branch","line":126,"loc":{"start":{"line":126,"column":34},"end":{"line":126,"column":61}},"locations":[{"start":{"line":126,"column":34},"end":{"line":126,"column":61}}]},"3":{"type":"branch","line":126,"loc":{"start":{"line":126,"column":44},"end":{"line":126,"column":74}},"locations":[{"start":{"line":126,"column":44},"end":{"line":126,"column":74}}]},"4":{"type":"branch","line":132,"loc":{"start":{"line":132,"column":22},"end":{"line":162,"column":17}},"locations":[{"start":{"line":132,"column":22},"end":{"line":162,"column":17}}]},"5":{"type":"branch","line":39,"loc":{"start":{"line":39,"column":22},"end":{"line":54,"column":4}},"locations":[{"start":{"line":39,"column":22},"end":{"line":54,"column":4}}]},"6":{"type":"branch","line":40,"loc":{"start":{"line":40,"column":37},"end":{"line":40,"column":44}},"locations":[{"start":{"line":40,"column":37},"end":{"line":40,"column":44}}]},"7":{"type":"branch","line":43,"loc":{"start":{"line":43,"column":14},"end":{"line":44,"column":42}},"locations":[{"start":{"line":43,"column":14},"end":{"line":44,"column":42}}]},"8":{"type":"branch","line":44,"loc":{"start":{"line":44,"column":36},"end":{"line":45,"column":57}},"locations":[{"start":{"line":44,"column":36},"end":{"line":45,"column":57}}]},"9":{"type":"branch","line":50,"loc":{"start":{"line":50,"column":15},"end":{"line":53,"column":7}},"locations":[{"start":{"line":50,"column":15},"end":{"line":53,"column":7}}]},"10":{"type":"branch","line":56,"loc":{"start":{"line":56,"column":12},"end":{"line":64,"column":5}},"locations":[{"start":{"line":56,"column":12},"end":{"line":64,"column":5}}]},"11":{"type":"branch","line":57,"loc":{"start":{"line":57,"column":17},"end":{"line":57,"column":34}},"locations":[{"start":{"line":57,"column":17},"end":{"line":57,"column":34}}]},"12":{"type":"branch","line":57,"loc":{"start":{"line":57,"column":34},"end":{"line":57,"column":41}},"locations":[{"start":{"line":57,"column":34},"end":{"line":57,"column":41}}]},"13":{"type":"branch","line":57,"loc":{"start":{"line":57,"column":34},"end":{"line":63,"column":41}},"locations":[{"start":{"line":57,"column":34},"end":{"line":63,"column":41}}]},"14":{"type":"branch","line":59,"loc":{"start":{"line":59,"column":33},"end":{"line":61,"column":7}},"locations":[{"start":{"line":59,"column":33},"end":{"line":61,"column":7}}]},"15":{"type":"branch","line":63,"loc":{"start":{"line":63,"column":11},"end":{"line":63,"column":41}},"locations":[{"start":{"line":63,"column":11},"end":{"line":63,"column":41}}]},"16":{"type":"branch","line":66,"loc":{"start":{"line":66,"column":27},"end":{"line":68,"column":4}},"locations":[{"start":{"line":66,"column":27},"end":{"line":68,"column":4}}]},"17":{"type":"branch","line":136,"loc":{"start":{"line":136,"column":27},"end":{"line":136,"column":53}},"locations":[{"start":{"line":136,"column":27},"end":{"line":136,"column":53}}]},"18":{"type":"branch","line":150,"loc":{"start":{"line":150,"column":27},"end":{"line":150,"column":54}},"locations":[{"start":{"line":150,"column":27},"end":{"line":150,"column":54}}]}},"b":{"0":[13],"1":[4],"2":[3],"3":[1],"4":[10],"5":[4],"6":[0],"7":[3],"8":[1],"9":[3],"10":[9],"11":[2],"12":[7],"13":[2],"14":[1],"15":[2],"16":[1],"17":[1],"18":[2]},"fnMap":{"0":{"name":"PhotoSlider","decl":{"start":{"line":33,"column":48},"end":{"line":169,"column":2}},"loc":{"start":{"line":33,"column":48},"end":{"line":169,"column":2}},"line":33},"1":{"name":"handleSlide","decl":{"start":{"line":39,"column":22},"end":{"line":54,"column":4}},"loc":{"start":{"line":39,"column":22},"end":{"line":54,"column":4}},"line":39},"2":{"name":"handleModeChange","decl":{"start":{"line":66,"column":27},"end":{"line":68,"column":4}},"loc":{"start":{"line":66,"column":27},"end":{"line":68,"column":4}},"line":66},"3":{"name":"onClick","decl":{"start":{"line":136,"column":27},"end":{"line":136,"column":53}},"loc":{"start":{"line":136,"column":27},"end":{"line":136,"column":53}},"line":136},"4":{"name":"onClick","decl":{"start":{"line":150,"column":27},"end":{"line":150,"column":54}},"loc":{"start":{"line":150,"column":27},"end":{"line":150,"column":54}},"line":150}},"f":{"0":13,"1":4,"2":1,"3":1,"4":2}}
,"C:\\Projects\\slider-app\\src\\hooks\\usePhotos.ts": {"path":"C:\\Projects\\slider-app\\src\\hooks\\usePhotos.ts","all":false,"statementMap":{"0":{"start":{"line":1,"column":0},"end":{"line":1,"column":48}},"2":{"start":{"line":3,"column":0},"end":{"line":3,"column":65}},"5":{"start":{"line":6,"column":0},"end":{"line":6,"column":64}},"6":{"start":{"line":7,"column":0},"end":{"line":7,"column":28}},"7":{"start":{"line":8,"column":0},"end":{"line":8,"column":25}},"8":{"start":{"line":9,"column":0},"end":{"line":9,"column":23}},"9":{"start":{"line":10,"column":0},"end":{"line":10,"column":17}},"10":{"start":{"line":11,"column":0},"end":{"line":11,"column":4}},"11":{"start":{"line":12,"column":0},"end":{"line":12,"column":1}}},"s":{"0":1,"2":1,"5":1,"6":0,"7":0,"8":0,"9":0,"10":0,"11":0},"branchMap":{},"b":{},"fnMap":{"0":{"name":"usePhotos","decl":{"start":{"line":6,"column":25},"end":{"line":12,"column":1}},"loc":{"start":{"line":6,"column":25},"end":{"line":12,"column":1}},"line":6}},"f":{"0":0}}
,"C:\\Projects\\slider-app\\src\\pages\\Home\\index.tsx": {"path":"C:\\Projects\\slider-app\\src\\pages\\Home\\index.tsx","all":false,"statementMap":{"0":{"start":{"line":1,"column":0},"end":{"line":1,"column":59}},"1":{"start":{"line":2,"column":0},"end":{"line":2,"column":50}},"2":{"start":{"line":3,"column":0},"end":{"line":3,"column":55}},"3":{"start":{"line":4,"column":0},"end":{"line":4,"column":54}},"5":{"start":{"line":6,"column":0},"end":{"line":6,"column":20}},"6":{"start":{"line":7,"column":0},"end":{"line":7,"column":42}},"7":{"start":{"line":8,"column":0},"end":{"line":8,"column":10}},"8":{"start":{"line":9,"column":0},"end":{"line":9,"column":39}},"9":{"start":{"line":10,"column":0},"end":{"line":10,"column":46}},"10":{"start":{"line":11,"column":0},"end":{"line":11,"column":61}},"12":{"start":{"line":13,"column":0},"end":{"line":13,"column":21}},"13":{"start":{"line":14,"column":0},"end":{"line":14,"column":35}},"14":{"start":{"line":15,"column":0},"end":{"line":15,"column":18}},"15":{"start":{"line":16,"column":0},"end":{"line":16,"column":20}},"17":{"start":{"line":18,"column":0},"end":{"line":18,"column":2}},"19":{"start":{"line":20,"column":0},"end":{"line":20,"column":20}}},"s":{"0":1,"1":1,"2":1,"3":1,"5":1,"6":2,"7":2,"8":2,"9":2,"10":2,"12":2,"13":2,"14":2,"15":2,"17":2,"19":1},"branchMap":{"0":{"type":"branch","line":6,"loc":{"start":{"line":6,"column":13},"end":{"line":18,"column":2}},"locations":[{"start":{"line":6,"column":13},"end":{"line":18,"column":2}}]}},"b":{"0":[2]},"fnMap":{"0":{"name":"Home","decl":{"start":{"line":6,"column":13},"end":{"line":18,"column":2}},"loc":{"start":{"line":6,"column":13},"end":{"line":18,"column":2}},"line":6}},"f":{"0":2}}
,"C:\\Projects\\slider-app\\src\\router\\routes.ts": {"path":"C:\\Projects\\slider-app\\src\\router\\routes.ts","all":true,"statementMap":{"0":{"start":{"line":1,"column":0},"end":{"line":1,"column":51}},"1":{"start":{"line":2,"column":0},"end":{"line":2,"column":37}},"2":{"start":{"line":3,"column":0},"end":{"line":3,"column":46}},"4":{"start":{"line":5,"column":0},"end":{"line":5,"column":36}},"5":{"start":{"line":6,"column":0},"end":{"line":6,"column":3}},"6":{"start":{"line":7,"column":0},"end":{"line":7,"column":14}},"7":{"start":{"line":8,"column":0},"end":{"line":8,"column":26}},"8":{"start":{"line":9,"column":0},"end":{"line":9,"column":15}},"9":{"start":{"line":10,"column":0},"end":{"line":10,"column":7}},"10":{"start":{"line":11,"column":0},"end":{"line":11,"column":18}},"11":{"start":{"line":12,"column":0},"end":{"line":12,"column":28}},"12":{"start":{"line":13,"column":0},"end":{"line":13,"column":8}},"13":{"start":{"line":14,"column":0},"end":{"line":14,"column":6}},"14":{"start":{"line":15,"column":0},"end":{"line":15,"column":4}},"15":{"start":{"line":16,"column":0},"end":{"line":16,"column":3}},"17":{"start":{"line":18,"column":0},"end":{"line":18,"column":22}}},"s":{"0":0,"1":0,"2":0,"4":0,"5":0,"6":0,"7":0,"8":0,"9":0,"10":0,"11":0,"12":0,"13":0,"14":0,"15":0,"17":0},"branchMap":{"0":{"type":"branch","line":1,"loc":{"start":{"line":1,"column":358},"end":{"line":18,"column":22}},"locations":[{"start":{"line":1,"column":358},"end":{"line":18,"column":22}}]}},"b":{"0":[0]},"fnMap":{"0":{"name":"(empty-report)","decl":{"start":{"line":1,"column":358},"end":{"line":18,"column":22}},"loc":{"start":{"line":1,"column":358},"end":{"line":18,"column":22}},"line":1}},"f":{"0":0}}
,"C:\\Projects\\slider-app\\src\\services\\api.ts": {"path":"C:\\Projects\\slider-app\\src\\services\\api.ts","all":false,"statementMap":{"0":{"start":{"line":1,"column":0},"end":{"line":1,"column":25}},"1":{"start":{"line":2,"column":0},"end":{"line":2,"column":38}},"3":{"start":{"line":4,"column":0},"end":{"line":4,"column":26}},"4":{"start":{"line":5,"column":0},"end":{"line":5,"column":38}},"5":{"start":{"line":6,"column":0},"end":{"line":6,"column":17}},"6":{"start":{"line":7,"column":0},"end":{"line":7,"column":2}},"8":{"start":{"line":9,"column":0},"end":{"line":9,"column":30}},"9":{"start":{"line":10,"column":0},"end":{"line":10,"column":25}},"10":{"start":{"line":11,"column":0},"end":{"line":11,"column":14}},"11":{"start":{"line":12,"column":0},"end":{"line":12,"column":42}},"12":{"start":{"line":13,"column":0},"end":{"line":13,"column":74}},"13":{"start":{"line":14,"column":0},"end":{"line":14,"column":76}},"15":{"start":{"line":16,"column":0},"end":{"line":16,"column":24}},"16":{"start":{"line":17,"column":0},"end":{"line":17,"column":59}},"17":{"start":{"line":18,"column":0},"end":{"line":18,"column":32}},"18":{"start":{"line":19,"column":0},"end":{"line":19,"column":71}},"19":{"start":{"line":20,"column":0},"end":{"line":20,"column":32}},"20":{"start":{"line":21,"column":0},"end":{"line":21,"column":66}},"21":{"start":{"line":22,"column":0},"end":{"line":22,"column":12}},"22":{"start":{"line":23,"column":0},"end":{"line":23,"column":61}},"23":{"start":{"line":24,"column":0},"end":{"line":24,"column":5}},"25":{"start":{"line":26,"column":0},"end":{"line":26,"column":32}},"26":{"start":{"line":27,"column":0},"end":{"line":27,"column":3}},"27":{"start":{"line":28,"column":0},"end":{"line":28,"column":1}},"29":{"start":{"line":30,"column":0},"end":{"line":30,"column":18}}},"s":{"0":1,"1":1,"3":1,"4":1,"5":1,"6":1,"8":1,"9":1,"10":1,"11":0,"12":0,"13":0,"15":0,"16":0,"17":0,"18":0,"19":0,"20":0,"21":0,"22":0,"23":0,"25":0,"26":0,"27":1,"29":1},"branchMap":{},"b":{},"fnMap":{"0":{"name":"api.interceptors.response.use.status","decl":{"start":{"line":10,"column":2},"end":{"line":10,"column":25}},"loc":{"start":{"line":10,"column":2},"end":{"line":10,"column":25}},"line":10}},"f":{"0":0}}
,"C:\\Projects\\slider-app\\src\\services\\PhotoService\\photoService.ts": {"path":"C:\\Projects\\slider-app\\src\\services\\PhotoService\\photoService.ts","all":false,"statementMap":{"0":{"start":{"line":1,"column":0},"end":{"line":1,"column":24}},"3":{"start":{"line":4,"column":0},"end":{"line":4,"column":56}},"4":{"start":{"line":5,"column":0},"end":{"line":5,"column":7}},"5":{"start":{"line":6,"column":0},"end":{"line":6,"column":54}},"6":{"start":{"line":7,"column":0},"end":{"line":7,"column":38}},"7":{"start":{"line":8,"column":0},"end":{"line":8,"column":6}},"8":{"start":{"line":9,"column":0},"end":{"line":9,"column":15}},"9":{"start":{"line":10,"column":0},"end":{"line":10,"column":11}},"10":{"start":{"line":11,"column":0},"end":{"line":11,"column":63}},"11":{"start":{"line":12,"column":0},"end":{"line":12,"column":3}},"12":{"start":{"line":13,"column":0},"end":{"line":13,"column":1}}},"s":{"0":1,"3":1,"4":1,"5":1,"6":1,"7":1,"8":1,"9":1,"10":0,"11":0,"12":1},"branchMap":{"0":{"type":"branch","line":4,"loc":{"start":{"line":4,"column":25},"end":{"line":13,"column":1}},"locations":[{"start":{"line":4,"column":25},"end":{"line":13,"column":1}}]},"1":{"type":"branch","line":10,"loc":{"start":{"line":10,"column":2},"end":{"line":12,"column":3}},"locations":[{"start":{"line":10,"column":2},"end":{"line":12,"column":3}}]}},"b":{"0":[1],"1":[0]},"fnMap":{"0":{"name":"getPhotos","decl":{"start":{"line":4,"column":25},"end":{"line":13,"column":1}},"loc":{"start":{"line":4,"column":25},"end":{"line":13,"column":1}},"line":4}},"f":{"0":1}}
,"C:\\Projects\\slider-app\\src\\types\\photo.ts": {"path":"C:\\Projects\\slider-app\\src\\types\\photo.ts","all":true,"statementMap":{},"s":{},"branchMap":{"0":{"type":"branch","line":1,"loc":{"start":{"line":1,"column":126},"end":{"line":8,"column":1}},"locations":[{"start":{"line":1,"column":126},"end":{"line":8,"column":1}}]}},"b":{"0":[1]},"fnMap":{"0":{"name":"(empty-report)","decl":{"start":{"line":1,"column":126},"end":{"line":8,"column":1}},"loc":{"start":{"line":1,"column":126},"end":{"line":8,"column":1}},"line":1}},"f":{"0":1}}
}
